<?xml version="1.0" encoding="UTF-8"?>
<!-- Generated by org.testng.reporters.JUnitReportReporter -->
<testsuite hostname="DESKTOP-C1US6VV" failures="0" tests="1" name="tests.PopularPageTest" time="9.266" errors="0" timestamp="2024-10-04T14:58:26 IST" skipped="0">
  <testcase classname="tests.PopularPageTest" name="moviesDisplayStatus" time="9.266"/>
</testsuite> <!-- tests.PopularPageTest -->
