<?xml version="1.0" encoding="UTF-8"?>
<!-- Generated by org.testng.reporters.JUnitReportReporter -->
<testsuite hostname="DESKTOP-C1US6VV" failures="0" tests="5" name="tests.MoviesPageTest" time="43.451" errors="0" timestamp="2024-10-04T14:45:41 IST" skipped="0">
  <testcase classname="tests.MoviesPageTest" name="moviesPageCheck" time="8.766"/>
  <testcase classname="tests.MoviesPageTest" name="movieTitleCheck" time="8.283"/>
  <testcase classname="tests.MoviesPageTest" name="reviewSectionCheck" time="9.113"/>
  <testcase classname="tests.MoviesPageTest" name="overViewSectionCheck" time="8.997"/>
  <testcase classname="tests.MoviesPageTest" name="playButtonCheck" time="8.292"/>
</testsuite> <!-- tests.MoviesPageTest -->
