<?xml version="1.0" encoding="UTF-8"?>
<!-- Generated by org.testng.reporters.JUnitReportReporter -->
<testsuite hostname="DESKTOP-C1US6VV" failures="0" tests="7" name="tests.LoginPageTest" time="103.795" errors="0" timestamp="2024-10-04T14:58:26 IST" skipped="0">
  <testcase classname="tests.LoginPageTest" name="loginPageElementsStatus" time="34.432"/>
  <testcase classname="tests.LoginPageTest" name="welcome" time="10.735"/>
  <testcase classname="tests.LoginPageTest" name="loginError" time="6.801"/>
  <testcase classname="tests.LoginPageTest" name="loginError" time="10.880"/>
  <testcase classname="tests.LoginPageTest" name="loginError" time="13.576"/>
  <testcase classname="tests.LoginPageTest" name="loginError" time="8.399"/>
  <testcase classname="tests.LoginPageTest" name="loginError" time="18.972"/>
</testsuite> <!-- tests.LoginPageTest -->
