<?xml version="1.0" encoding="UTF-8"?>
<!-- Generated by org.testng.reporters.JUnitReportReporter -->
<testsuite hostname="DESKTOP-C1US6VV" failures="0" tests="5" name="tests.MoviesPageTest" time="54.404" errors="0" timestamp="2024-10-04T14:58:26 IST" skipped="0">
  <testcase classname="tests.MoviesPageTest" name="moviesPageCheck" time="9.641"/>
  <testcase classname="tests.MoviesPageTest" name="movieTitleCheck" time="11.016"/>
  <testcase classname="tests.MoviesPageTest" name="reviewSectionCheck" time="11.527"/>
  <testcase classname="tests.MoviesPageTest" name="overViewSectionCheck" time="11.107"/>
  <testcase classname="tests.MoviesPageTest" name="playButtonCheck" time="11.113"/>
</testsuite> <!-- tests.MoviesPageTest -->
