<?xml version="1.0" encoding="UTF-8"?>
<!-- Generated by org.testng.reporters.JUnitReportReporter -->
<testsuite hostname="DESKTOP-C1US6VV" failures="0" tests="5" name="tests.HomePageTest" time="47.455" errors="0" timestamp="2024-10-04T14:58:26 IST" skipped="0">
  <testcase classname="tests.HomePageTest" name="isHomePageElementsDisplayed" time="8.034"/>
  <testcase classname="tests.HomePageTest" name="popularPageLinkCheck" time="7.967"/>
  <testcase classname="tests.HomePageTest" name="accountsPageLinkCheck" time="8.441"/>
  <testcase classname="tests.HomePageTest" name="homePageLinkCheck" time="9.304"/>
  <testcase classname="tests.HomePageTest" name="searchForAMovie" time="13.709"/>
</testsuite> <!-- tests.HomePageTest -->
