<?xml version="1.0" encoding="UTF-8"?>
<!-- Generated by org.testng.reporters.JUnitReportReporter -->
<testsuite hostname="DESKTOP-C1US6VV" failures="0" tests="2" name="tests.AccountsPageTest" time="17.748" errors="0" timestamp="2024-10-04T14:45:41 IST" skipped="0">
  <testcase classname="tests.AccountsPageTest" name="isAccountPageElementsDisplayed" time="7.066"/>
  <testcase classname="tests.AccountsPageTest" name="logoutFunctionality" time="10.682"/>
</testsuite> <!-- tests.AccountsPageTest -->
