<?xml version="1.0" encoding="UTF-8"?>
<!-- Generated by org.testng.reporters.JUnitReportReporter -->
<testsuite hostname="DESKTOP-C1US6VV" failures="0" tests="1" name="tests.PopularPageTest" time="7.921" errors="0" timestamp="2024-10-04T14:45:41 IST" skipped="0">
  <testcase classname="tests.PopularPageTest" name="moviesDisplayStatus" time="7.921"/>
</testsuite> <!-- tests.PopularPageTest -->
