<?xml version="1.0" encoding="UTF-8"?>
<!-- Generated by org.testng.reporters.JUnitReportReporter -->
<testsuite hostname="DESKTOP-C1US6VV" failures="0" tests="5" name="tests.HomePageTest" time="36.937" errors="0" timestamp="2024-10-04T14:45:41 IST" skipped="0">
  <testcase classname="tests.HomePageTest" name="isHomePageElementsDisplayed" time="7.117"/>
  <testcase classname="tests.HomePageTest" name="popularPageLinkCheck" time="7.684"/>
  <testcase classname="tests.HomePageTest" name="accountsPageLinkCheck" time="6.432"/>
  <testcase classname="tests.HomePageTest" name="homePageLinkCheck" time="6.348"/>
  <testcase classname="tests.HomePageTest" name="searchForAMovie" time="9.356"/>
</testsuite> <!-- tests.HomePageTest -->
